2017-10-26 09:37:54.855  INFO 6940 --- [main] com.WeixinMpApplication                  : Starting WeixinMpApplication on zhangpeng with PID 6940 (E:\IdeaProjects-5\WeixinGZHJ\target\classes started by ZP in E:\IdeaProjects-5\WeixinGZHJ)
2017-10-26 09:37:54.858  INFO 6940 --- [main] com.WeixinMpApplication                  : No active profile set, falling back to default profiles: default
2017-10-26 09:37:54.941  INFO 6940 --- [main] ationConfigEmbeddedWebApplicationContext : Refreshing org.springframework.boot.context.embedded.AnnotationConfigEmbeddedWebApplicationContext@6e0dec4a: startup date [Thu Oct 26 09:37:54 CST 2017]; root of context hierarchy
2017-10-26 09:37:57.446  INFO 6940 --- [main] s.b.c.e.t.TomcatEmbeddedServletContainer : Tomcat initialized with port(s): 80 (http)
2017-10-26 09:37:57.457  INFO 6940 --- [main] o.apache.catalina.core.StandardService   : Starting service [Tomcat]
2017-10-26 09:37:57.458  INFO 6940 --- [main] org.apache.catalina.core.StandardEngine  : Starting Servlet Engine: Apache Tomcat/8.5.15
2017-10-26 09:37:57.581  INFO 6940 --- [localhost-startStop-1] o.a.c.c.C.[Tomcat].[localhost].[/]       : Initializing Spring embedded WebApplicationContext
2017-10-26 09:37:57.581  INFO 6940 --- [localhost-startStop-1] o.s.web.context.ContextLoader            : Root WebApplicationContext: initialization completed in 2643 ms
2017-10-26 09:37:57.826  INFO 6940 --- [localhost-startStop-1] o.s.b.w.servlet.ServletRegistrationBean  : Mapping servlet: 'dispatcherServlet' to [/]
2017-10-26 09:37:57.830  INFO 6940 --- [localhost-startStop-1] o.s.b.w.servlet.FilterRegistrationBean   : Mapping filter: 'metricsFilter' to: [/*]
2017-10-26 09:37:57.830  INFO 6940 --- [localhost-startStop-1] o.s.b.w.servlet.FilterRegistrationBean   : Mapping filter: 'characterEncodingFilter' to: [/*]
2017-10-26 09:37:57.830  INFO 6940 --- [localhost-startStop-1] o.s.b.w.servlet.FilterRegistrationBean   : Mapping filter: 'hiddenHttpMethodFilter' to: [/*]
2017-10-26 09:37:57.830  INFO 6940 --- [localhost-startStop-1] o.s.b.w.servlet.FilterRegistrationBean   : Mapping filter: 'httpPutFormContentFilter' to: [/*]
2017-10-26 09:37:57.830  INFO 6940 --- [localhost-startStop-1] o.s.b.w.servlet.FilterRegistrationBean   : Mapping filter: 'requestContextFilter' to: [/*]
2017-10-26 09:37:57.831  INFO 6940 --- [localhost-startStop-1] o.s.b.w.servlet.FilterRegistrationBean   : Mapping filter: 'webRequestLoggingFilter' to: [/*]
2017-10-26 09:37:57.831  INFO 6940 --- [localhost-startStop-1] o.s.b.w.servlet.FilterRegistrationBean   : Mapping filter: 'applicationContextIdFilter' to: [/*]
2017-10-26 09:37:58.215  INFO 6940 --- [main] s.w.s.m.m.a.RequestMappingHandlerAdapter : Looking for @ControllerAdvice: org.springframework.boot.context.embedded.AnnotationConfigEmbeddedWebApplicationContext@6e0dec4a: startup date [Thu Oct 26 09:37:54 CST 2017]; root of context hierarchy
2017-10-26 09:37:58.281  INFO 6940 --- [main] s.w.s.m.m.a.RequestMappingHandlerMapping : Mapped "{[],methods=[POST]}" onto public java.lang.String com.controller.CoreController.post(javax.servlet.http.HttpServletRequest)
2017-10-26 09:37:58.282  INFO 6940 --- [main] s.w.s.m.m.a.RequestMappingHandlerMapping : Mapped "{[],methods=[GET]}" onto public java.lang.String com.controller.CoreController.checkSignature(java.lang.String,java.lang.String,java.lang.String,java.lang.String)
2017-10-26 09:37:58.283  INFO 6940 --- [main] s.w.s.m.m.a.RequestMappingHandlerMapping : Mapped "{[/menu/delete],methods=[POST]}" onto public int com.controller.MenuController.deleteMenu()
2017-10-26 09:37:58.284  INFO 6940 --- [main] s.w.s.m.m.a.RequestMappingHandlerMapping : Mapped "{[/menu/get],methods=[GET]}" onto public java.lang.String com.controller.MenuController.getMenu()
2017-10-26 09:37:58.284  INFO 6940 --- [main] s.w.s.m.m.a.RequestMappingHandlerMapping : Mapped "{[/menu/create],methods=[POST]}" onto public int com.controller.MenuController.createMenu()
2017-10-26 09:37:58.286  INFO 6940 --- [main] s.w.s.m.m.a.RequestMappingHandlerMapping : Mapped "{[/error]}" onto public org.springframework.http.ResponseEntity<java.util.Map<java.lang.String, java.lang.Object>> org.springframework.boot.autoconfigure.web.BasicErrorController.error(javax.servlet.http.HttpServletRequest)
2017-10-26 09:37:58.286  INFO 6940 --- [main] s.w.s.m.m.a.RequestMappingHandlerMapping : Mapped "{[/error],produces=[text/html]}" onto public org.springframework.web.servlet.ModelAndView org.springframework.boot.autoconfigure.web.BasicErrorController.errorHtml(javax.servlet.http.HttpServletRequest,javax.servlet.http.HttpServletResponse)
2017-10-26 09:37:58.314  INFO 6940 --- [main] o.s.w.s.handler.SimpleUrlHandlerMapping  : Mapped URL path [/webjars/**] onto handler of type [class org.springframework.web.servlet.resource.ResourceHttpRequestHandler]
2017-10-26 09:37:58.314  INFO 6940 --- [main] o.s.w.s.handler.SimpleUrlHandlerMapping  : Mapped URL path [/**] onto handler of type [class org.springframework.web.servlet.resource.ResourceHttpRequestHandler]
2017-10-26 09:37:58.347  INFO 6940 --- [main] o.s.w.s.handler.SimpleUrlHandlerMapping  : Mapped URL path [/**/favicon.ico] onto handler of type [class org.springframework.web.servlet.resource.ResourceHttpRequestHandler]
2017-10-26 09:37:58.602  INFO 6940 --- [main] o.s.b.a.e.mvc.EndpointHandlerMapping     : Mapped "{[/info || /info.json],methods=[GET],produces=[application/vnd.spring-boot.actuator.v1+json || application/json]}" onto public java.lang.Object org.springframework.boot.actuate.endpoint.mvc.EndpointMvcAdapter.invoke()
2017-10-26 09:37:58.604  INFO 6940 --- [main] o.s.b.a.e.mvc.EndpointHandlerMapping     : Mapped "{[/loggers/{name:.*}],methods=[GET],produces=[application/vnd.spring-boot.actuator.v1+json || application/json]}" onto public java.lang.Object org.springframework.boot.actuate.endpoint.mvc.LoggersMvcEndpoint.get(java.lang.String)
2017-10-26 09:37:58.604  INFO 6940 --- [main] o.s.b.a.e.mvc.EndpointHandlerMapping     : Mapped "{[/loggers/{name:.*}],methods=[POST],consumes=[application/vnd.spring-boot.actuator.v1+json || application/json],produces=[application/vnd.spring-boot.actuator.v1+json || application/json]}" onto public java.lang.Object org.springframework.boot.actuate.endpoint.mvc.LoggersMvcEndpoint.set(java.lang.String,java.util.Map<java.lang.String, java.lang.String>)
2017-10-26 09:37:58.604  INFO 6940 --- [main] o.s.b.a.e.mvc.EndpointHandlerMapping     : Mapped "{[/loggers || /loggers.json],methods=[GET],produces=[application/vnd.spring-boot.actuator.v1+json || application/json]}" onto public java.lang.Object org.springframework.boot.actuate.endpoint.mvc.EndpointMvcAdapter.invoke()
2017-10-26 09:37:58.605  INFO 6940 --- [main] o.s.b.a.e.mvc.EndpointHandlerMapping     : Mapped "{[/configprops || /configprops.json],methods=[GET],produces=[application/vnd.spring-boot.actuator.v1+json || application/json]}" onto public java.lang.Object org.springframework.boot.actuate.endpoint.mvc.EndpointMvcAdapter.invoke()
2017-10-26 09:37:58.607  INFO 6940 --- [main] o.s.b.a.e.mvc.EndpointHandlerMapping     : Mapped "{[/mappings || /mappings.json],methods=[GET],produces=[application/vnd.spring-boot.actuator.v1+json || application/json]}" onto public java.lang.Object org.springframework.boot.actuate.endpoint.mvc.EndpointMvcAdapter.invoke()
2017-10-26 09:37:58.608  INFO 6940 --- [main] o.s.b.a.e.mvc.EndpointHandlerMapping     : Mapped "{[/trace || /trace.json],methods=[GET],produces=[application/vnd.spring-boot.actuator.v1+json || application/json]}" onto public java.lang.Object org.springframework.boot.actuate.endpoint.mvc.EndpointMvcAdapter.invoke()
2017-10-26 09:37:58.609  INFO 6940 --- [main] o.s.b.a.e.mvc.EndpointHandlerMapping     : Mapped "{[/beans || /beans.json],methods=[GET],produces=[application/vnd.spring-boot.actuator.v1+json || application/json]}" onto public java.lang.Object org.springframework.boot.actuate.endpoint.mvc.EndpointMvcAdapter.invoke()
2017-10-26 09:37:58.611  INFO 6940 --- [main] o.s.b.a.e.mvc.EndpointHandlerMapping     : Mapped "{[/autoconfig || /autoconfig.json],methods=[GET],produces=[application/vnd.spring-boot.actuator.v1+json || application/json]}" onto public java.lang.Object org.springframework.boot.actuate.endpoint.mvc.EndpointMvcAdapter.invoke()
2017-10-26 09:37:58.613  INFO 6940 --- [main] o.s.b.a.e.mvc.EndpointHandlerMapping     : Mapped "{[/logfile || /logfile.json],methods=[GET || HEAD]}" onto public void org.springframework.boot.actuate.endpoint.mvc.LogFileMvcEndpoint.invoke(javax.servlet.http.HttpServletRequest,javax.servlet.http.HttpServletResponse) throws javax.servlet.ServletException,java.io.IOException
2017-10-26 09:37:58.614  INFO 6940 --- [main] o.s.b.a.e.mvc.EndpointHandlerMapping     : Mapped "{[/env/{name:.*}],methods=[GET],produces=[application/vnd.spring-boot.actuator.v1+json || application/json]}" onto public java.lang.Object org.springframework.boot.actuate.endpoint.mvc.EnvironmentMvcEndpoint.value(java.lang.String)
2017-10-26 09:37:58.615  INFO 6940 --- [main] o.s.b.a.e.mvc.EndpointHandlerMapping     : Mapped "{[/env || /env.json],methods=[GET],produces=[application/vnd.spring-boot.actuator.v1+json || application/json]}" onto public java.lang.Object org.springframework.boot.actuate.endpoint.mvc.EndpointMvcAdapter.invoke()
2017-10-26 09:37:58.615  INFO 6940 --- [main] o.s.b.a.e.mvc.EndpointHandlerMapping     : Mapped "{[/health || /health.json],methods=[GET],produces=[application/vnd.spring-boot.actuator.v1+json || application/json]}" onto public java.lang.Object org.springframework.boot.actuate.endpoint.mvc.HealthMvcEndpoint.invoke(javax.servlet.http.HttpServletRequest,java.security.Principal)
2017-10-26 09:37:58.616  INFO 6940 --- [main] o.s.b.a.e.mvc.EndpointHandlerMapping     : Mapped "{[/dump || /dump.json],methods=[GET],produces=[application/vnd.spring-boot.actuator.v1+json || application/json]}" onto public java.lang.Object org.springframework.boot.actuate.endpoint.mvc.EndpointMvcAdapter.invoke()
2017-10-26 09:37:58.617  INFO 6940 --- [main] o.s.b.a.e.mvc.EndpointHandlerMapping     : Mapped "{[/metrics/{name:.*}],methods=[GET],produces=[application/vnd.spring-boot.actuator.v1+json || application/json]}" onto public java.lang.Object org.springframework.boot.actuate.endpoint.mvc.MetricsMvcEndpoint.value(java.lang.String)
2017-10-26 09:37:58.617  INFO 6940 --- [main] o.s.b.a.e.mvc.EndpointHandlerMapping     : Mapped "{[/metrics || /metrics.json],methods=[GET],produces=[application/vnd.spring-boot.actuator.v1+json || application/json]}" onto public java.lang.Object org.springframework.boot.actuate.endpoint.mvc.EndpointMvcAdapter.invoke()
2017-10-26 09:37:58.618  INFO 6940 --- [main] o.s.b.a.e.mvc.EndpointHandlerMapping     : Mapped "{[/heapdump || /heapdump.json],methods=[GET],produces=[application/octet-stream]}" onto public void org.springframework.boot.actuate.endpoint.mvc.HeapdumpMvcEndpoint.invoke(boolean,javax.servlet.http.HttpServletRequest,javax.servlet.http.HttpServletResponse) throws java.io.IOException,javax.servlet.ServletException
2017-10-26 09:37:58.618  INFO 6940 --- [main] o.s.b.a.e.mvc.EndpointHandlerMapping     : Mapped "{[/auditevents || /auditevents.json],methods=[GET],produces=[application/vnd.spring-boot.actuator.v1+json || application/json]}" onto public org.springframework.http.ResponseEntity<?> org.springframework.boot.actuate.endpoint.mvc.AuditEventsMvcEndpoint.findByPrincipalAndAfterAndType(java.lang.String,java.util.Date,java.lang.String)
2017-10-26 09:37:58.724  INFO 6940 --- [main] o.s.j.e.a.AnnotationMBeanExporter        : Registering beans for JMX exposure on startup
2017-10-26 09:37:58.735  INFO 6940 --- [main] o.s.c.support.DefaultLifecycleProcessor  : Starting beans in phase 0
2017-10-26 09:37:58.801  INFO 6940 --- [main] s.a.ScheduledAnnotationBeanPostProcessor : No TaskScheduler/ScheduledExecutorService bean found for scheduled processing
2017-10-26 09:37:58.979  INFO 6940 --- [main] s.b.c.e.t.TomcatEmbeddedServletContainer : Tomcat started on port(s): 80 (http)
2017-10-26 09:37:59.041  INFO 6940 --- [main] com.WeixinMpApplication                  : Started WeixinMpApplication in 4.599 seconds (JVM running for 5.03)
2017-10-26 09:37:59.499  INFO 6940 --- [pool-1-thread-1] com.thread.AccessTokenThread             : 获取成功，accessToken:nvSrLI89Z3e6-GgU4MoBmFC1THUkQgurPm4QEHIMtkC_S_Mis2JgpANez6oUZHFY76VrB8dVxauh1bdiNicTH3aBZz2w79-5HGdIii9oTja8Pjh18WhCfeZ2CnBxq1xOSBThAAAGPH
2017-10-26 09:46:23.813  INFO 8068 --- [main] com.WeixinMpApplication                  : Starting WeixinMpApplication on zhangpeng with PID 8068 (E:\IdeaProjects-5\WeixinGZHJ\target\classes started by ZP in E:\IdeaProjects-5\WeixinGZHJ)
2017-10-26 09:46:23.816  INFO 8068 --- [main] com.WeixinMpApplication                  : No active profile set, falling back to default profiles: default
2017-10-26 09:46:23.883  INFO 8068 --- [main] ationConfigEmbeddedWebApplicationContext : Refreshing org.springframework.boot.context.embedded.AnnotationConfigEmbeddedWebApplicationContext@1f3f4916: startup date [Thu Oct 26 09:46:23 CST 2017]; root of context hierarchy
2017-10-26 09:46:26.976  INFO 8068 --- [main] s.b.c.e.t.TomcatEmbeddedServletContainer : Tomcat initialized with port(s): 80 (http)
2017-10-26 09:46:26.988  INFO 8068 --- [main] o.apache.catalina.core.StandardService   : Starting service [Tomcat]
2017-10-26 09:46:26.989  INFO 8068 --- [main] org.apache.catalina.core.StandardEngine  : Starting Servlet Engine: Apache Tomcat/8.5.15
2017-10-26 09:46:27.104  INFO 8068 --- [localhost-startStop-1] o.a.c.c.C.[Tomcat].[localhost].[/]       : Initializing Spring embedded WebApplicationContext
2017-10-26 09:46:27.105  INFO 8068 --- [localhost-startStop-1] o.s.web.context.ContextLoader            : Root WebApplicationContext: initialization completed in 3226 ms
2017-10-26 09:46:27.339  INFO 8068 --- [localhost-startStop-1] o.s.b.w.servlet.ServletRegistrationBean  : Mapping servlet: 'dispatcherServlet' to [/]
2017-10-26 09:46:27.343  INFO 8068 --- [localhost-startStop-1] o.s.b.w.servlet.FilterRegistrationBean   : Mapping filter: 'metricsFilter' to: [/*]
2017-10-26 09:46:27.343  INFO 8068 --- [localhost-startStop-1] o.s.b.w.servlet.FilterRegistrationBean   : Mapping filter: 'characterEncodingFilter' to: [/*]
2017-10-26 09:46:27.343  INFO 8068 --- [localhost-startStop-1] o.s.b.w.servlet.FilterRegistrationBean   : Mapping filter: 'hiddenHttpMethodFilter' to: [/*]
2017-10-26 09:46:27.343  INFO 8068 --- [localhost-startStop-1] o.s.b.w.servlet.FilterRegistrationBean   : Mapping filter: 'httpPutFormContentFilter' to: [/*]
2017-10-26 09:46:27.343  INFO 8068 --- [localhost-startStop-1] o.s.b.w.servlet.FilterRegistrationBean   : Mapping filter: 'requestContextFilter' to: [/*]
2017-10-26 09:46:27.343  INFO 8068 --- [localhost-startStop-1] o.s.b.w.servlet.FilterRegistrationBean   : Mapping filter: 'webRequestLoggingFilter' to: [/*]
2017-10-26 09:46:27.344  INFO 8068 --- [localhost-startStop-1] o.s.b.w.servlet.FilterRegistrationBean   : Mapping filter: 'applicationContextIdFilter' to: [/*]
2017-10-26 09:46:27.708  INFO 8068 --- [main] s.w.s.m.m.a.RequestMappingHandlerAdapter : Looking for @ControllerAdvice: org.springframework.boot.context.embedded.AnnotationConfigEmbeddedWebApplicationContext@1f3f4916: startup date [Thu Oct 26 09:46:23 CST 2017]; root of context hierarchy
2017-10-26 09:46:27.766  INFO 8068 --- [main] s.w.s.m.m.a.RequestMappingHandlerMapping : Mapped "{[],methods=[GET]}" onto public java.lang.String com.controller.CoreController.checkSignature(java.lang.String,java.lang.String,java.lang.String,java.lang.String)
2017-10-26 09:46:27.767  INFO 8068 --- [main] s.w.s.m.m.a.RequestMappingHandlerMapping : Mapped "{[],methods=[POST]}" onto public java.lang.String com.controller.CoreController.post(javax.servlet.http.HttpServletRequest)
2017-10-26 09:46:27.768  INFO 8068 --- [main] s.w.s.m.m.a.RequestMappingHandlerMapping : Mapped "{[/menu/get],methods=[GET]}" onto public java.lang.String com.controller.MenuController.getMenu()
2017-10-26 09:46:27.768  INFO 8068 --- [main] s.w.s.m.m.a.RequestMappingHandlerMapping : Mapped "{[/menu/create],methods=[POST]}" onto public int com.controller.MenuController.createMenu()
2017-10-26 09:46:27.768  INFO 8068 --- [main] s.w.s.m.m.a.RequestMappingHandlerMapping : Mapped "{[/menu/delete],methods=[POST]}" onto public int com.controller.MenuController.deleteMenu()
2017-10-26 09:46:27.770  INFO 8068 --- [main] s.w.s.m.m.a.RequestMappingHandlerMapping : Mapped "{[/error]}" onto public org.springframework.http.ResponseEntity<java.util.Map<java.lang.String, java.lang.Object>> org.springframework.boot.autoconfigure.web.BasicErrorController.error(javax.servlet.http.HttpServletRequest)
2017-10-26 09:46:27.771  INFO 8068 --- [main] s.w.s.m.m.a.RequestMappingHandlerMapping : Mapped "{[/error],produces=[text/html]}" onto public org.springframework.web.servlet.ModelAndView org.springframework.boot.autoconfigure.web.BasicErrorController.errorHtml(javax.servlet.http.HttpServletRequest,javax.servlet.http.HttpServletResponse)
2017-10-26 09:46:27.800  INFO 8068 --- [main] o.s.w.s.handler.SimpleUrlHandlerMapping  : Mapped URL path [/webjars/**] onto handler of type [class org.springframework.web.servlet.resource.ResourceHttpRequestHandler]
2017-10-26 09:46:27.800  INFO 8068 --- [main] o.s.w.s.handler.SimpleUrlHandlerMapping  : Mapped URL path [/**] onto handler of type [class org.springframework.web.servlet.resource.ResourceHttpRequestHandler]
2017-10-26 09:46:27.833  INFO 8068 --- [main] o.s.w.s.handler.SimpleUrlHandlerMapping  : Mapped URL path [/**/favicon.ico] onto handler of type [class org.springframework.web.servlet.resource.ResourceHttpRequestHandler]
2017-10-26 09:46:28.082  INFO 8068 --- [main] o.s.b.a.e.mvc.EndpointHandlerMapping     : Mapped "{[/env/{name:.*}],methods=[GET],produces=[application/vnd.spring-boot.actuator.v1+json || application/json]}" onto public java.lang.Object org.springframework.boot.actuate.endpoint.mvc.EnvironmentMvcEndpoint.value(java.lang.String)
2017-10-26 09:46:28.082  INFO 8068 --- [main] o.s.b.a.e.mvc.EndpointHandlerMapping     : Mapped "{[/env || /env.json],methods=[GET],produces=[application/vnd.spring-boot.actuator.v1+json || application/json]}" onto public java.lang.Object org.springframework.boot.actuate.endpoint.mvc.EndpointMvcAdapter.invoke()
2017-10-26 09:46:28.083  INFO 8068 --- [main] o.s.b.a.e.mvc.EndpointHandlerMapping     : Mapped "{[/mappings || /mappings.json],methods=[GET],produces=[application/vnd.spring-boot.actuator.v1+json || application/json]}" onto public java.lang.Object org.springframework.boot.actuate.endpoint.mvc.EndpointMvcAdapter.invoke()
2017-10-26 09:46:28.084  INFO 8068 --- [main] o.s.b.a.e.mvc.EndpointHandlerMapping     : Mapped "{[/logfile || /logfile.json],methods=[GET || HEAD]}" onto public void org.springframework.boot.actuate.endpoint.mvc.LogFileMvcEndpoint.invoke(javax.servlet.http.HttpServletRequest,javax.servlet.http.HttpServletResponse) throws javax.servlet.ServletException,java.io.IOException
2017-10-26 09:46:28.084  INFO 8068 --- [main] o.s.b.a.e.mvc.EndpointHandlerMapping     : Mapped "{[/dump || /dump.json],methods=[GET],produces=[application/vnd.spring-boot.actuator.v1+json || application/json]}" onto public java.lang.Object org.springframework.boot.actuate.endpoint.mvc.EndpointMvcAdapter.invoke()
2017-10-26 09:46:28.087  INFO 8068 --- [main] o.s.b.a.e.mvc.EndpointHandlerMapping     : Mapped "{[/beans || /beans.json],methods=[GET],produces=[application/vnd.spring-boot.actuator.v1+json || application/json]}" onto public java.lang.Object org.springframework.boot.actuate.endpoint.mvc.EndpointMvcAdapter.invoke()
2017-10-26 09:46:28.088  INFO 8068 --- [main] o.s.b.a.e.mvc.EndpointHandlerMapping     : Mapped "{[/configprops || /configprops.json],methods=[GET],produces=[application/vnd.spring-boot.actuator.v1+json || application/json]}" onto public java.lang.Object org.springframework.boot.actuate.endpoint.mvc.EndpointMvcAdapter.invoke()
2017-10-26 09:46:28.088  INFO 8068 --- [main] o.s.b.a.e.mvc.EndpointHandlerMapping     : Mapped "{[/metrics/{name:.*}],methods=[GET],produces=[application/vnd.spring-boot.actuator.v1+json || application/json]}" onto public java.lang.Object org.springframework.boot.actuate.endpoint.mvc.MetricsMvcEndpoint.value(java.lang.String)
2017-10-26 09:46:28.089  INFO 8068 --- [main] o.s.b.a.e.mvc.EndpointHandlerMapping     : Mapped "{[/metrics || /metrics.json],methods=[GET],produces=[application/vnd.spring-boot.actuator.v1+json || application/json]}" onto public java.lang.Object org.springframework.boot.actuate.endpoint.mvc.EndpointMvcAdapter.invoke()
2017-10-26 09:46:28.089  INFO 8068 --- [main] o.s.b.a.e.mvc.EndpointHandlerMapping     : Mapped "{[/trace || /trace.json],methods=[GET],produces=[application/vnd.spring-boot.actuator.v1+json || application/json]}" onto public java.lang.Object org.springframework.boot.actuate.endpoint.mvc.EndpointMvcAdapter.invoke()
2017-10-26 09:46:28.090  INFO 8068 --- [main] o.s.b.a.e.mvc.EndpointHandlerMapping     : Mapped "{[/health || /health.json],methods=[GET],produces=[application/vnd.spring-boot.actuator.v1+json || application/json]}" onto public java.lang.Object org.springframework.boot.actuate.endpoint.mvc.HealthMvcEndpoint.invoke(javax.servlet.http.HttpServletRequest,java.security.Principal)
2017-10-26 09:46:28.092  INFO 8068 --- [main] o.s.b.a.e.mvc.EndpointHandlerMapping     : Mapped "{[/loggers/{name:.*}],methods=[GET],produces=[application/vnd.spring-boot.actuator.v1+json || application/json]}" onto public java.lang.Object org.springframework.boot.actuate.endpoint.mvc.LoggersMvcEndpoint.get(java.lang.String)
2017-10-26 09:46:28.092  INFO 8068 --- [main] o.s.b.a.e.mvc.EndpointHandlerMapping     : Mapped "{[/loggers/{name:.*}],methods=[POST],consumes=[application/vnd.spring-boot.actuator.v1+json || application/json],produces=[application/vnd.spring-boot.actuator.v1+json || application/json]}" onto public java.lang.Object org.springframework.boot.actuate.endpoint.mvc.LoggersMvcEndpoint.set(java.lang.String,java.util.Map<java.lang.String, java.lang.String>)
2017-10-26 09:46:28.093  INFO 8068 --- [main] o.s.b.a.e.mvc.EndpointHandlerMapping     : Mapped "{[/loggers || /loggers.json],methods=[GET],produces=[application/vnd.spring-boot.actuator.v1+json || application/json]}" onto public java.lang.Object org.springframework.boot.actuate.endpoint.mvc.EndpointMvcAdapter.invoke()
2017-10-26 09:46:28.093  INFO 8068 --- [main] o.s.b.a.e.mvc.EndpointHandlerMapping     : Mapped "{[/autoconfig || /autoconfig.json],methods=[GET],produces=[application/vnd.spring-boot.actuator.v1+json || application/json]}" onto public java.lang.Object org.springframework.boot.actuate.endpoint.mvc.EndpointMvcAdapter.invoke()
2017-10-26 09:46:28.094  INFO 8068 --- [main] o.s.b.a.e.mvc.EndpointHandlerMapping     : Mapped "{[/auditevents || /auditevents.json],methods=[GET],produces=[application/vnd.spring-boot.actuator.v1+json || application/json]}" onto public org.springframework.http.ResponseEntity<?> org.springframework.boot.actuate.endpoint.mvc.AuditEventsMvcEndpoint.findByPrincipalAndAfterAndType(java.lang.String,java.util.Date,java.lang.String)
2017-10-26 09:46:28.094  INFO 8068 --- [main] o.s.b.a.e.mvc.EndpointHandlerMapping     : Mapped "{[/info || /info.json],methods=[GET],produces=[application/vnd.spring-boot.actuator.v1+json || application/json]}" onto public java.lang.Object org.springframework.boot.actuate.endpoint.mvc.EndpointMvcAdapter.invoke()
2017-10-26 09:46:28.095  INFO 8068 --- [main] o.s.b.a.e.mvc.EndpointHandlerMapping     : Mapped "{[/heapdump || /heapdump.json],methods=[GET],produces=[application/octet-stream]}" onto public void org.springframework.boot.actuate.endpoint.mvc.HeapdumpMvcEndpoint.invoke(boolean,javax.servlet.http.HttpServletRequest,javax.servlet.http.HttpServletResponse) throws java.io.IOException,javax.servlet.ServletException
2017-10-26 09:46:28.224  INFO 8068 --- [main] o.s.j.e.a.AnnotationMBeanExporter        : Registering beans for JMX exposure on startup
2017-10-26 09:46:28.234  INFO 8068 --- [main] o.s.c.support.DefaultLifecycleProcessor  : Starting beans in phase 0
2017-10-26 09:46:28.322  INFO 8068 --- [main] s.a.ScheduledAnnotationBeanPostProcessor : No TaskScheduler/ScheduledExecutorService bean found for scheduled processing
2017-10-26 09:46:28.423  INFO 8068 --- [main] s.b.c.e.t.TomcatEmbeddedServletContainer : Tomcat started on port(s): 80 (http)
2017-10-26 09:46:28.430  INFO 8068 --- [main] com.WeixinMpApplication                  : Started WeixinMpApplication in 4.994 seconds (JVM running for 5.416)
2017-10-26 09:46:29.090  INFO 8068 --- [pool-1-thread-1] com.adcc.utility.log.Log                 : 获取成功，accessToken:tzBqUm28Rl8_asyXKqVF2ttH6CQPxKG8CGsXrYATLA6Jgdr0_uqKfHMK8kybtMj8zd1Au4Py4j8wl2dBP1t07llG4xhQrO_qi-z4BxtPXk9qnhkyKRYX-CUqtTz3t2Y2ZEMgAEAFKS
2017-10-26 13:57:58.187  INFO 10184 --- [main] com.WeixinMpApplication                  : Starting WeixinMpApplication on zhangpeng with PID 10184 (E:\IdeaProjects-5\WeixinGZHJ\target\classes started by ZP in E:\IdeaProjects-5\WeixinGZHJ)
2017-10-26 13:57:58.210  INFO 10184 --- [main] com.WeixinMpApplication                  : No active profile set, falling back to default profiles: default
2017-10-26 13:57:59.176  INFO 10184 --- [main] ationConfigEmbeddedWebApplicationContext : Refreshing org.springframework.boot.context.embedded.AnnotationConfigEmbeddedWebApplicationContext@4c9f8c13: startup date [Thu Oct 26 13:57:59 CST 2017]; root of context hierarchy
2017-10-26 13:58:05.285  INFO 10184 --- [main] s.b.c.e.t.TomcatEmbeddedServletContainer : Tomcat initialized with port(s): 80 (http)
2017-10-26 13:58:05.315  INFO 10184 --- [main] o.apache.catalina.core.StandardService   : Starting service [Tomcat]
2017-10-26 13:58:05.332  INFO 10184 --- [main] org.apache.catalina.core.StandardEngine  : Starting Servlet Engine: Apache Tomcat/8.5.15
2017-10-26 13:58:06.288  INFO 10184 --- [localhost-startStop-1] o.a.c.c.C.[Tomcat].[localhost].[/]       : Initializing Spring embedded WebApplicationContext
2017-10-26 13:58:06.288  INFO 10184 --- [localhost-startStop-1] o.s.web.context.ContextLoader            : Root WebApplicationContext: initialization completed in 7115 ms
2017-10-26 13:58:06.528  INFO 10184 --- [localhost-startStop-1] o.s.b.w.servlet.ServletRegistrationBean  : Mapping servlet: 'dispatcherServlet' to [/]
2017-10-26 13:58:06.533  INFO 10184 --- [localhost-startStop-1] o.s.b.w.servlet.FilterRegistrationBean   : Mapping filter: 'metricsFilter' to: [/*]
2017-10-26 13:58:06.533  INFO 10184 --- [localhost-startStop-1] o.s.b.w.servlet.FilterRegistrationBean   : Mapping filter: 'characterEncodingFilter' to: [/*]
2017-10-26 13:58:06.533  INFO 10184 --- [localhost-startStop-1] o.s.b.w.servlet.FilterRegistrationBean   : Mapping filter: 'hiddenHttpMethodFilter' to: [/*]
2017-10-26 13:58:06.533  INFO 10184 --- [localhost-startStop-1] o.s.b.w.servlet.FilterRegistrationBean   : Mapping filter: 'httpPutFormContentFilter' to: [/*]
2017-10-26 13:58:06.533  INFO 10184 --- [localhost-startStop-1] o.s.b.w.servlet.FilterRegistrationBean   : Mapping filter: 'requestContextFilter' to: [/*]
2017-10-26 13:58:06.534  INFO 10184 --- [localhost-startStop-1] o.s.b.w.servlet.FilterRegistrationBean   : Mapping filter: 'webRequestLoggingFilter' to: [/*]
2017-10-26 13:58:06.534  INFO 10184 --- [localhost-startStop-1] o.s.b.w.servlet.FilterRegistrationBean   : Mapping filter: 'applicationContextIdFilter' to: [/*]
2017-10-26 13:58:07.021  INFO 10184 --- [main] s.w.s.m.m.a.RequestMappingHandlerAdapter : Looking for @ControllerAdvice: org.springframework.boot.context.embedded.AnnotationConfigEmbeddedWebApplicationContext@4c9f8c13: startup date [Thu Oct 26 13:57:59 CST 2017]; root of context hierarchy
2017-10-26 13:58:07.129  INFO 10184 --- [main] s.w.s.m.m.a.RequestMappingHandlerMapping : Mapped "{[],methods=[POST]}" onto public java.lang.String com.controller.CoreController.post(javax.servlet.http.HttpServletRequest)
2017-10-26 13:58:07.130  INFO 10184 --- [main] s.w.s.m.m.a.RequestMappingHandlerMapping : Mapped "{[],methods=[GET]}" onto public java.lang.String com.controller.CoreController.checkSignature(java.lang.String,java.lang.String,java.lang.String,java.lang.String)
2017-10-26 13:58:07.134  INFO 10184 --- [main] s.w.s.m.m.a.RequestMappingHandlerMapping : Mapped "{[/menu/get],methods=[GET]}" onto public java.lang.String com.controller.MenuController.getMenu()
2017-10-26 13:58:07.135  INFO 10184 --- [main] s.w.s.m.m.a.RequestMappingHandlerMapping : Mapped "{[/menu/create],methods=[POST]}" onto public int com.controller.MenuController.createMenu()
2017-10-26 13:58:07.135  INFO 10184 --- [main] s.w.s.m.m.a.RequestMappingHandlerMapping : Mapped "{[/menu/delete],methods=[POST]}" onto public int com.controller.MenuController.deleteMenu()
2017-10-26 13:58:07.137  INFO 10184 --- [main] s.w.s.m.m.a.RequestMappingHandlerMapping : Mapped "{[/error]}" onto public org.springframework.http.ResponseEntity<java.util.Map<java.lang.String, java.lang.Object>> org.springframework.boot.autoconfigure.web.BasicErrorController.error(javax.servlet.http.HttpServletRequest)
2017-10-26 13:58:07.137  INFO 10184 --- [main] s.w.s.m.m.a.RequestMappingHandlerMapping : Mapped "{[/error],produces=[text/html]}" onto public org.springframework.web.servlet.ModelAndView org.springframework.boot.autoconfigure.web.BasicErrorController.errorHtml(javax.servlet.http.HttpServletRequest,javax.servlet.http.HttpServletResponse)
2017-10-26 13:58:07.170  INFO 10184 --- [main] o.s.w.s.handler.SimpleUrlHandlerMapping  : Mapped URL path [/webjars/**] onto handler of type [class org.springframework.web.servlet.resource.ResourceHttpRequestHandler]
2017-10-26 13:58:07.171  INFO 10184 --- [main] o.s.w.s.handler.SimpleUrlHandlerMapping  : Mapped URL path [/**] onto handler of type [class org.springframework.web.servlet.resource.ResourceHttpRequestHandler]
2017-10-26 13:58:07.236  INFO 10184 --- [main] o.s.w.s.handler.SimpleUrlHandlerMapping  : Mapped URL path [/**/favicon.ico] onto handler of type [class org.springframework.web.servlet.resource.ResourceHttpRequestHandler]
2017-10-26 13:58:07.288  WARN 10184 --- [main] .t.AbstractTemplateResolverConfiguration : Cannot find template location: classpath:/templates/ (please add some templates or check your Thymeleaf configuration)
2017-10-26 13:58:08.901  INFO 10184 --- [main] o.s.b.a.e.mvc.EndpointHandlerMapping     : Mapped "{[/configprops || /configprops.json],methods=[GET],produces=[application/vnd.spring-boot.actuator.v1+json || application/json]}" onto public java.lang.Object org.springframework.boot.actuate.endpoint.mvc.EndpointMvcAdapter.invoke()
2017-10-26 13:58:08.902  INFO 10184 --- [main] o.s.b.a.e.mvc.EndpointHandlerMapping     : Mapped "{[/beans || /beans.json],methods=[GET],produces=[application/vnd.spring-boot.actuator.v1+json || application/json]}" onto public java.lang.Object org.springframework.boot.actuate.endpoint.mvc.EndpointMvcAdapter.invoke()
2017-10-26 13:58:08.903  INFO 10184 --- [main] o.s.b.a.e.mvc.EndpointHandlerMapping     : Mapped "{[/auditevents || /auditevents.json],methods=[GET],produces=[application/vnd.spring-boot.actuator.v1+json || application/json]}" onto public org.springframework.http.ResponseEntity<?> org.springframework.boot.actuate.endpoint.mvc.AuditEventsMvcEndpoint.findByPrincipalAndAfterAndType(java.lang.String,java.util.Date,java.lang.String)
2017-10-26 13:58:08.904  INFO 10184 --- [main] o.s.b.a.e.mvc.EndpointHandlerMapping     : Mapped "{[/trace || /trace.json],methods=[GET],produces=[application/vnd.spring-boot.actuator.v1+json || application/json]}" onto public java.lang.Object org.springframework.boot.actuate.endpoint.mvc.EndpointMvcAdapter.invoke()
2017-10-26 13:58:08.905  INFO 10184 --- [main] o.s.b.a.e.mvc.EndpointHandlerMapping     : Mapped "{[/mappings || /mappings.json],methods=[GET],produces=[application/vnd.spring-boot.actuator.v1+json || application/json]}" onto public java.lang.Object org.springframework.boot.actuate.endpoint.mvc.EndpointMvcAdapter.invoke()
2017-10-26 13:58:08.906  INFO 10184 --- [main] o.s.b.a.e.mvc.EndpointHandlerMapping     : Mapped "{[/dump || /dump.json],methods=[GET],produces=[application/vnd.spring-boot.actuator.v1+json || application/json]}" onto public java.lang.Object org.springframework.boot.actuate.endpoint.mvc.EndpointMvcAdapter.invoke()
2017-10-26 13:58:08.910  INFO 10184 --- [main] o.s.b.a.e.mvc.EndpointHandlerMapping     : Mapped "{[/loggers/{name:.*}],methods=[GET],produces=[application/vnd.spring-boot.actuator.v1+json || application/json]}" onto public java.lang.Object org.springframework.boot.actuate.endpoint.mvc.LoggersMvcEndpoint.get(java.lang.String)
2017-10-26 13:58:08.914  INFO 10184 --- [main] o.s.b.a.e.mvc.EndpointHandlerMapping     : Mapped "{[/loggers/{name:.*}],methods=[POST],consumes=[application/vnd.spring-boot.actuator.v1+json || application/json],produces=[application/vnd.spring-boot.actuator.v1+json || application/json]}" onto public java.lang.Object org.springframework.boot.actuate.endpoint.mvc.LoggersMvcEndpoint.set(java.lang.String,java.util.Map<java.lang.String, java.lang.String>)
2017-10-26 13:58:08.914  INFO 10184 --- [main] o.s.b.a.e.mvc.EndpointHandlerMapping     : Mapped "{[/loggers || /loggers.json],methods=[GET],produces=[application/vnd.spring-boot.actuator.v1+json || application/json]}" onto public java.lang.Object org.springframework.boot.actuate.endpoint.mvc.EndpointMvcAdapter.invoke()
2017-10-26 13:58:08.916  INFO 10184 --- [main] o.s.b.a.e.mvc.EndpointHandlerMapping     : Mapped "{[/heapdump || /heapdump.json],methods=[GET],produces=[application/octet-stream]}" onto public void org.springframework.boot.actuate.endpoint.mvc.HeapdumpMvcEndpoint.invoke(boolean,javax.servlet.http.HttpServletRequest,javax.servlet.http.HttpServletResponse) throws java.io.IOException,javax.servlet.ServletException
2017-10-26 13:58:08.917  INFO 10184 --- [main] o.s.b.a.e.mvc.EndpointHandlerMapping     : Mapped "{[/env/{name:.*}],methods=[GET],produces=[application/vnd.spring-boot.actuator.v1+json || application/json]}" onto public java.lang.Object org.springframework.boot.actuate.endpoint.mvc.EnvironmentMvcEndpoint.value(java.lang.String)
2017-10-26 13:58:08.917  INFO 10184 --- [main] o.s.b.a.e.mvc.EndpointHandlerMapping     : Mapped "{[/env || /env.json],methods=[GET],produces=[application/vnd.spring-boot.actuator.v1+json || application/json]}" onto public java.lang.Object org.springframework.boot.actuate.endpoint.mvc.EndpointMvcAdapter.invoke()
2017-10-26 13:58:08.918  INFO 10184 --- [main] o.s.b.a.e.mvc.EndpointHandlerMapping     : Mapped "{[/health || /health.json],methods=[GET],produces=[application/vnd.spring-boot.actuator.v1+json || application/json]}" onto public java.lang.Object org.springframework.boot.actuate.endpoint.mvc.HealthMvcEndpoint.invoke(javax.servlet.http.HttpServletRequest,java.security.Principal)
2017-10-26 13:58:08.919  INFO 10184 --- [main] o.s.b.a.e.mvc.EndpointHandlerMapping     : Mapped "{[/logfile || /logfile.json],methods=[GET || HEAD]}" onto public void org.springframework.boot.actuate.endpoint.mvc.LogFileMvcEndpoint.invoke(javax.servlet.http.HttpServletRequest,javax.servlet.http.HttpServletResponse) throws javax.servlet.ServletException,java.io.IOException
2017-10-26 13:58:08.921  INFO 10184 --- [main] o.s.b.a.e.mvc.EndpointHandlerMapping     : Mapped "{[/autoconfig || /autoconfig.json],methods=[GET],produces=[application/vnd.spring-boot.actuator.v1+json || application/json]}" onto public java.lang.Object org.springframework.boot.actuate.endpoint.mvc.EndpointMvcAdapter.invoke()
2017-10-26 13:58:08.924  INFO 10184 --- [main] o.s.b.a.e.mvc.EndpointHandlerMapping     : Mapped "{[/metrics/{name:.*}],methods=[GET],produces=[application/vnd.spring-boot.actuator.v1+json || application/json]}" onto public java.lang.Object org.springframework.boot.actuate.endpoint.mvc.MetricsMvcEndpoint.value(java.lang.String)
2017-10-26 13:58:08.925  INFO 10184 --- [main] o.s.b.a.e.mvc.EndpointHandlerMapping     : Mapped "{[/metrics || /metrics.json],methods=[GET],produces=[application/vnd.spring-boot.actuator.v1+json || application/json]}" onto public java.lang.Object org.springframework.boot.actuate.endpoint.mvc.EndpointMvcAdapter.invoke()
2017-10-26 13:58:08.926  INFO 10184 --- [main] o.s.b.a.e.mvc.EndpointHandlerMapping     : Mapped "{[/info || /info.json],methods=[GET],produces=[application/vnd.spring-boot.actuator.v1+json || application/json]}" onto public java.lang.Object org.springframework.boot.actuate.endpoint.mvc.EndpointMvcAdapter.invoke()
2017-10-26 13:58:09.126  INFO 10184 --- [main] o.s.j.e.a.AnnotationMBeanExporter        : Registering beans for JMX exposure on startup
2017-10-26 13:58:09.139  INFO 10184 --- [main] o.s.c.support.DefaultLifecycleProcessor  : Starting beans in phase 0
2017-10-26 13:58:09.620  INFO 10184 --- [main] s.a.ScheduledAnnotationBeanPostProcessor : No TaskScheduler/ScheduledExecutorService bean found for scheduled processing
2017-10-26 13:58:10.145  INFO 10184 --- [main] s.b.c.e.t.TomcatEmbeddedServletContainer : Tomcat started on port(s): 80 (http)
2017-10-26 13:58:10.316  INFO 10184 --- [main] com.WeixinMpApplication                  : Started WeixinMpApplication in 12.704 seconds (JVM running for 13.479)
2017-10-26 13:58:12.006  INFO 10184 --- [pool-1-thread-1] com.adcc.utility.log.Log                 : 获取成功，accessToken:lnR4ZLkP_Lb4cWshV6ljsRZBA2_3knLUZel4fSYWSWF505ToXRgY_33Etrnb_vIpnA7aPJ2DwvjfAc9QWSakM_uKIm_tHNW6IAgHSyjN5Ww4OzIPKOvVCGQ2lzZv9EEbGIHhAEACED
2017-10-26 17:15:27.546  INFO 9548 --- [main] com.WeixinMpApplication                  : Starting WeixinMpApplication on zhangpeng with PID 9548 (E:\IdeaProjects-5\WeixinGZHJ\target\classes started by ZP in E:\IdeaProjects-5\WeixinGZHJ)
2017-10-26 17:15:27.548  INFO 9548 --- [main] com.WeixinMpApplication                  : No active profile set, falling back to default profiles: default
2017-10-26 17:15:27.981  INFO 9548 --- [main] ationConfigEmbeddedWebApplicationContext : Refreshing org.springframework.boot.context.embedded.AnnotationConfigEmbeddedWebApplicationContext@4c9f8c13: startup date [Thu Oct 26 17:15:27 CST 2017]; root of context hierarchy
2017-10-26 17:15:29.213  WARN 9548 --- [main] ationConfigEmbeddedWebApplicationContext : Exception encountered during context initialization - cancelling refresh attempt: org.springframework.beans.factory.BeanDefinitionStoreException: Failed to parse configuration class [com.WeixinMpApplication]; nested exception is org.springframework.context.annotation.ConflictingBeanDefinitionException: Annotation-specified bean name 'menuService' for bean class [com.service.user.UserServiceImpl] conflicts with existing, non-compatible bean definition of same name and class [com.service.menu.MenuSeviceImpl]
2017-10-26 17:15:29.313 ERROR 9548 --- [main] o.s.b.f.s.DefaultListableBeanFactory     : Destroy method on bean with name 'org.springframework.boot.autoconfigure.internalCachingMetadataReaderFactory' threw an exception

java.lang.IllegalStateException: ApplicationEventMulticaster not initialized - call 'refresh' before multicasting events via the context: org.springframework.boot.context.embedded.AnnotationConfigEmbeddedWebApplicationContext@4c9f8c13: startup date [Thu Oct 26 17:15:27 CST 2017]; root of context hierarchy
	at org.springframework.context.support.AbstractApplicationContext.getApplicationEventMulticaster(AbstractApplicationContext.java:414) [spring-context-4.3.9.RELEASE.jar:4.3.9.RELEASE]
	at org.springframework.context.support.ApplicationListenerDetector.postProcessBeforeDestruction(ApplicationListenerDetector.java:97) ~[spring-context-4.3.9.RELEASE.jar:4.3.9.RELEASE]
	at org.springframework.beans.factory.support.DisposableBeanAdapter.destroy(DisposableBeanAdapter.java:253) ~[spring-beans-4.3.9.RELEASE.jar:4.3.9.RELEASE]
	at org.springframework.beans.factory.support.DefaultSingletonBeanRegistry.destroyBean(DefaultSingletonBeanRegistry.java:578) [spring-beans-4.3.9.RELEASE.jar:4.3.9.RELEASE]
	at org.springframework.beans.factory.support.DefaultSingletonBeanRegistry.destroySingleton(DefaultSingletonBeanRegistry.java:554) [spring-beans-4.3.9.RELEASE.jar:4.3.9.RELEASE]
	at org.springframework.beans.factory.support.DefaultListableBeanFactory.destroySingleton(DefaultListableBeanFactory.java:961) [spring-beans-4.3.9.RELEASE.jar:4.3.9.RELEASE]
	at org.springframework.beans.factory.support.DefaultSingletonBeanRegistry.destroySingletons(DefaultSingletonBeanRegistry.java:523) [spring-beans-4.3.9.RELEASE.jar:4.3.9.RELEASE]
	at org.springframework.beans.factory.support.DefaultListableBeanFactory.destroySingletons(DefaultListableBeanFactory.java:968) [spring-beans-4.3.9.RELEASE.jar:4.3.9.RELEASE]
	at org.springframework.context.support.AbstractApplicationContext.destroyBeans(AbstractApplicationContext.java:1030) [spring-context-4.3.9.RELEASE.jar:4.3.9.RELEASE]
	at org.springframework.context.support.AbstractApplicationContext.refresh(AbstractApplicationContext.java:556) [spring-context-4.3.9.RELEASE.jar:4.3.9.RELEASE]
	at org.springframework.boot.context.embedded.EmbeddedWebApplicationContext.refresh(EmbeddedWebApplicationContext.java:122) [spring-boot-1.5.4.RELEASE.jar:1.5.4.RELEASE]
	at org.springframework.boot.SpringApplication.refresh(SpringApplication.java:693) [spring-boot-1.5.4.RELEASE.jar:1.5.4.RELEASE]
	at org.springframework.boot.SpringApplication.refreshContext(SpringApplication.java:360) [spring-boot-1.5.4.RELEASE.jar:1.5.4.RELEASE]
	at org.springframework.boot.SpringApplication.run(SpringApplication.java:303) [spring-boot-1.5.4.RELEASE.jar:1.5.4.RELEASE]
	at org.springframework.boot.SpringApplication.run(SpringApplication.java:1118) [spring-boot-1.5.4.RELEASE.jar:1.5.4.RELEASE]
	at org.springframework.boot.SpringApplication.run(SpringApplication.java:1107) [spring-boot-1.5.4.RELEASE.jar:1.5.4.RELEASE]
	at com.WeixinMpApplication.main(WeixinMpApplication.java:12) [classes/:na]
	at sun.reflect.NativeMethodAccessorImpl.invoke0(Native Method) ~[na:1.8.0_60]
	at sun.reflect.NativeMethodAccessorImpl.invoke(NativeMethodAccessorImpl.java:62) ~[na:1.8.0_60]
	at sun.reflect.DelegatingMethodAccessorImpl.invoke(DelegatingMethodAccessorImpl.java:43) ~[na:1.8.0_60]
	at java.lang.reflect.Method.invoke(Method.java:497) ~[na:1.8.0_60]
	at com.intellij.rt.execution.application.AppMain.main(AppMain.java:147) [idea_rt.jar:na]

2017-10-26 17:15:29.328 ERROR 9548 --- [main] o.s.boot.SpringApplication               : Application startup failed

org.springframework.beans.factory.BeanDefinitionStoreException: Failed to parse configuration class [com.WeixinMpApplication]; nested exception is org.springframework.context.annotation.ConflictingBeanDefinitionException: Annotation-specified bean name 'menuService' for bean class [com.service.user.UserServiceImpl] conflicts with existing, non-compatible bean definition of same name and class [com.service.menu.MenuSeviceImpl]
	at org.springframework.context.annotation.ConfigurationClassParser.parse(ConfigurationClassParser.java:181) ~[spring-context-4.3.9.RELEASE.jar:4.3.9.RELEASE]
	at org.springframework.context.annotation.ConfigurationClassPostProcessor.processConfigBeanDefinitions(ConfigurationClassPostProcessor.java:308) ~[spring-context-4.3.9.RELEASE.jar:4.3.9.RELEASE]
	at org.springframework.context.annotation.ConfigurationClassPostProcessor.postProcessBeanDefinitionRegistry(ConfigurationClassPostProcessor.java:228) ~[spring-context-4.3.9.RELEASE.jar:4.3.9.RELEASE]
	at org.springframework.context.support.PostProcessorRegistrationDelegate.invokeBeanDefinitionRegistryPostProcessors(PostProcessorRegistrationDelegate.java:270) ~[spring-context-4.3.9.RELEASE.jar:4.3.9.RELEASE]
	at org.springframework.context.support.PostProcessorRegistrationDelegate.invokeBeanFactoryPostProcessors(PostProcessorRegistrationDelegate.java:93) ~[spring-context-4.3.9.RELEASE.jar:4.3.9.RELEASE]
	at org.springframework.context.support.AbstractApplicationContext.invokeBeanFactoryPostProcessors(AbstractApplicationContext.java:687) ~[spring-context-4.3.9.RELEASE.jar:4.3.9.RELEASE]
	at org.springframework.context.support.AbstractApplicationContext.refresh(AbstractApplicationContext.java:525) ~[spring-context-4.3.9.RELEASE.jar:4.3.9.RELEASE]
	at org.springframework.boot.context.embedded.EmbeddedWebApplicationContext.refresh(EmbeddedWebApplicationContext.java:122) ~[spring-boot-1.5.4.RELEASE.jar:1.5.4.RELEASE]
	at org.springframework.boot.SpringApplication.refresh(SpringApplication.java:693) [spring-boot-1.5.4.RELEASE.jar:1.5.4.RELEASE]
	at org.springframework.boot.SpringApplication.refreshContext(SpringApplication.java:360) [spring-boot-1.5.4.RELEASE.jar:1.5.4.RELEASE]
	at org.springframework.boot.SpringApplication.run(SpringApplication.java:303) [spring-boot-1.5.4.RELEASE.jar:1.5.4.RELEASE]
	at org.springframework.boot.SpringApplication.run(SpringApplication.java:1118) [spring-boot-1.5.4.RELEASE.jar:1.5.4.RELEASE]
	at org.springframework.boot.SpringApplication.run(SpringApplication.java:1107) [spring-boot-1.5.4.RELEASE.jar:1.5.4.RELEASE]
	at com.WeixinMpApplication.main(WeixinMpApplication.java:12) [classes/:na]
	at sun.reflect.NativeMethodAccessorImpl.invoke0(Native Method) ~[na:1.8.0_60]
	at sun.reflect.NativeMethodAccessorImpl.invoke(NativeMethodAccessorImpl.java:62) ~[na:1.8.0_60]
	at sun.reflect.DelegatingMethodAccessorImpl.invoke(DelegatingMethodAccessorImpl.java:43) ~[na:1.8.0_60]
	at java.lang.reflect.Method.invoke(Method.java:497) ~[na:1.8.0_60]
	at com.intellij.rt.execution.application.AppMain.main(AppMain.java:147) [idea_rt.jar:na]
Caused by: org.springframework.context.annotation.ConflictingBeanDefinitionException: Annotation-specified bean name 'menuService' for bean class [com.service.user.UserServiceImpl] conflicts with existing, non-compatible bean definition of same name and class [com.service.menu.MenuSeviceImpl]
	at org.springframework.context.annotation.ClassPathBeanDefinitionScanner.checkCandidate(ClassPathBeanDefinitionScanner.java:345) ~[spring-context-4.3.9.RELEASE.jar:4.3.9.RELEASE]
	at org.springframework.context.annotation.ClassPathBeanDefinitionScanner.doScan(ClassPathBeanDefinitionScanner.java:283) ~[spring-context-4.3.9.RELEASE.jar:4.3.9.RELEASE]
	at org.springframework.context.annotation.ComponentScanAnnotationParser.parse(ComponentScanAnnotationParser.java:135) ~[spring-context-4.3.9.RELEASE.jar:4.3.9.RELEASE]
	at org.springframework.context.annotation.ConfigurationClassParser.doProcessConfigurationClass(ConfigurationClassParser.java:287) ~[spring-context-4.3.9.RELEASE.jar:4.3.9.RELEASE]
	at org.springframework.context.annotation.ConfigurationClassParser.processConfigurationClass(ConfigurationClassParser.java:245) ~[spring-context-4.3.9.RELEASE.jar:4.3.9.RELEASE]
	at org.springframework.context.annotation.ConfigurationClassParser.parse(ConfigurationClassParser.java:198) ~[spring-context-4.3.9.RELEASE.jar:4.3.9.RELEASE]
	at org.springframework.context.annotation.ConfigurationClassParser.parse(ConfigurationClassParser.java:167) ~[spring-context-4.3.9.RELEASE.jar:4.3.9.RELEASE]
	... 18 common frames omitted

2017-10-26 17:16:27.374  INFO 9148 --- [main] com.WeixinMpApplication                  : Starting WeixinMpApplication on zhangpeng with PID 9148 (E:\IdeaProjects-5\WeixinGZHJ\target\classes started by ZP in E:\IdeaProjects-5\WeixinGZHJ)
2017-10-26 17:16:27.377  INFO 9148 --- [main] com.WeixinMpApplication                  : No active profile set, falling back to default profiles: default
2017-10-26 17:16:27.792  INFO 9148 --- [main] ationConfigEmbeddedWebApplicationContext : Refreshing org.springframework.boot.context.embedded.AnnotationConfigEmbeddedWebApplicationContext@4c9f8c13: startup date [Thu Oct 26 17:16:27 CST 2017]; root of context hierarchy
2017-10-26 17:16:30.831  INFO 9148 --- [main] s.b.c.e.t.TomcatEmbeddedServletContainer : Tomcat initialized with port(s): 80 (http)
2017-10-26 17:16:30.843  INFO 9148 --- [main] o.apache.catalina.core.StandardService   : Starting service [Tomcat]
2017-10-26 17:16:30.844  INFO 9148 --- [main] org.apache.catalina.core.StandardEngine  : Starting Servlet Engine: Apache Tomcat/8.5.15
2017-10-26 17:16:30.959  INFO 9148 --- [localhost-startStop-1] o.a.c.c.C.[Tomcat].[localhost].[/]       : Initializing Spring embedded WebApplicationContext
2017-10-26 17:16:30.960  INFO 9148 --- [localhost-startStop-1] o.s.web.context.ContextLoader            : Root WebApplicationContext: initialization completed in 3171 ms
2017-10-26 17:16:31.242  INFO 9148 --- [localhost-startStop-1] o.s.b.w.servlet.ServletRegistrationBean  : Mapping servlet: 'dispatcherServlet' to [/]
2017-10-26 17:16:31.246  INFO 9148 --- [localhost-startStop-1] o.s.b.w.servlet.FilterRegistrationBean   : Mapping filter: 'metricsFilter' to: [/*]
2017-10-26 17:16:31.247  INFO 9148 --- [localhost-startStop-1] o.s.b.w.servlet.FilterRegistrationBean   : Mapping filter: 'characterEncodingFilter' to: [/*]
2017-10-26 17:16:31.247  INFO 9148 --- [localhost-startStop-1] o.s.b.w.servlet.FilterRegistrationBean   : Mapping filter: 'hiddenHttpMethodFilter' to: [/*]
2017-10-26 17:16:31.247  INFO 9148 --- [localhost-startStop-1] o.s.b.w.servlet.FilterRegistrationBean   : Mapping filter: 'httpPutFormContentFilter' to: [/*]
2017-10-26 17:16:31.247  INFO 9148 --- [localhost-startStop-1] o.s.b.w.servlet.FilterRegistrationBean   : Mapping filter: 'requestContextFilter' to: [/*]
2017-10-26 17:16:31.248  INFO 9148 --- [localhost-startStop-1] o.s.b.w.servlet.FilterRegistrationBean   : Mapping filter: 'webRequestLoggingFilter' to: [/*]
2017-10-26 17:16:31.249  INFO 9148 --- [localhost-startStop-1] o.s.b.w.servlet.FilterRegistrationBean   : Mapping filter: 'applicationContextIdFilter' to: [/*]
2017-10-26 17:16:31.678  INFO 9148 --- [main] s.w.s.m.m.a.RequestMappingHandlerAdapter : Looking for @ControllerAdvice: org.springframework.boot.context.embedded.AnnotationConfigEmbeddedWebApplicationContext@4c9f8c13: startup date [Thu Oct 26 17:16:27 CST 2017]; root of context hierarchy
2017-10-26 17:16:31.747  INFO 9148 --- [main] s.w.s.m.m.a.RequestMappingHandlerMapping : Mapped "{[],methods=[POST]}" onto public java.lang.String com.controller.CoreController.post(javax.servlet.http.HttpServletRequest)
2017-10-26 17:16:31.748  INFO 9148 --- [main] s.w.s.m.m.a.RequestMappingHandlerMapping : Mapped "{[],methods=[GET]}" onto public java.lang.String com.controller.CoreController.checkSignature(java.lang.String,java.lang.String,java.lang.String,java.lang.String)
2017-10-26 17:16:31.752  INFO 9148 --- [main] s.w.s.m.m.a.RequestMappingHandlerMapping : Mapped "{[/menu/delete],methods=[POST]}" onto public int com.controller.MenuController.deleteMenu()
2017-10-26 17:16:31.752  INFO 9148 --- [main] s.w.s.m.m.a.RequestMappingHandlerMapping : Mapped "{[/menu/get],methods=[GET]}" onto public java.lang.String com.controller.MenuController.getMenu()
2017-10-26 17:16:31.752  INFO 9148 --- [main] s.w.s.m.m.a.RequestMappingHandlerMapping : Mapped "{[/menu/create],methods=[POST]}" onto public int com.controller.MenuController.createMenu()
2017-10-26 17:16:31.755  INFO 9148 --- [main] s.w.s.m.m.a.RequestMappingHandlerMapping : Mapped "{[/url],methods=[GET]}" onto public java.lang.String com.controller.RedirectController.wecahtLogin(java.lang.String,java.lang.String)
2017-10-26 17:16:31.756  INFO 9148 --- [main] s.w.s.m.m.a.RequestMappingHandlerMapping : Mapped "{[/user/get],methods=[GET]}" onto public java.lang.String com.controller.UserController.getUserList()
2017-10-26 17:16:31.758  INFO 9148 --- [main] s.w.s.m.m.a.RequestMappingHandlerMapping : Mapped "{[/error]}" onto public org.springframework.http.ResponseEntity<java.util.Map<java.lang.String, java.lang.Object>> org.springframework.boot.autoconfigure.web.BasicErrorController.error(javax.servlet.http.HttpServletRequest)
2017-10-26 17:16:31.758  INFO 9148 --- [main] s.w.s.m.m.a.RequestMappingHandlerMapping : Mapped "{[/error],produces=[text/html]}" onto public org.springframework.web.servlet.ModelAndView org.springframework.boot.autoconfigure.web.BasicErrorController.errorHtml(javax.servlet.http.HttpServletRequest,javax.servlet.http.HttpServletResponse)
2017-10-26 17:16:31.784  INFO 9148 --- [main] o.s.w.s.handler.SimpleUrlHandlerMapping  : Mapped URL path [/webjars/**] onto handler of type [class org.springframework.web.servlet.resource.ResourceHttpRequestHandler]
2017-10-26 17:16:31.784  INFO 9148 --- [main] o.s.w.s.handler.SimpleUrlHandlerMapping  : Mapped URL path [/**] onto handler of type [class org.springframework.web.servlet.resource.ResourceHttpRequestHandler]
2017-10-26 17:16:31.823  INFO 9148 --- [main] o.s.w.s.handler.SimpleUrlHandlerMapping  : Mapped URL path [/**/favicon.ico] onto handler of type [class org.springframework.web.servlet.resource.ResourceHttpRequestHandler]
2017-10-26 17:16:31.860  WARN 9148 --- [main] .t.AbstractTemplateResolverConfiguration : Cannot find template location: classpath:/templates/ (please add some templates or check your Thymeleaf configuration)
2017-10-26 17:16:32.469  INFO 9148 --- [main] o.s.b.a.e.mvc.EndpointHandlerMapping     : Mapped "{[/metrics/{name:.*}],methods=[GET],produces=[application/vnd.spring-boot.actuator.v1+json || application/json]}" onto public java.lang.Object org.springframework.boot.actuate.endpoint.mvc.MetricsMvcEndpoint.value(java.lang.String)
2017-10-26 17:16:32.470  INFO 9148 --- [main] o.s.b.a.e.mvc.EndpointHandlerMapping     : Mapped "{[/metrics || /metrics.json],methods=[GET],produces=[application/vnd.spring-boot.actuator.v1+json || application/json]}" onto public java.lang.Object org.springframework.boot.actuate.endpoint.mvc.EndpointMvcAdapter.invoke()
2017-10-26 17:16:32.471  INFO 9148 --- [main] o.s.b.a.e.mvc.EndpointHandlerMapping     : Mapped "{[/env/{name:.*}],methods=[GET],produces=[application/vnd.spring-boot.actuator.v1+json || application/json]}" onto public java.lang.Object org.springframework.boot.actuate.endpoint.mvc.EnvironmentMvcEndpoint.value(java.lang.String)
2017-10-26 17:16:32.472  INFO 9148 --- [main] o.s.b.a.e.mvc.EndpointHandlerMapping     : Mapped "{[/env || /env.json],methods=[GET],produces=[application/vnd.spring-boot.actuator.v1+json || application/json]}" onto public java.lang.Object org.springframework.boot.actuate.endpoint.mvc.EndpointMvcAdapter.invoke()
2017-10-26 17:16:32.472  INFO 9148 --- [main] o.s.b.a.e.mvc.EndpointHandlerMapping     : Mapped "{[/info || /info.json],methods=[GET],produces=[application/vnd.spring-boot.actuator.v1+json || application/json]}" onto public java.lang.Object org.springframework.boot.actuate.endpoint.mvc.EndpointMvcAdapter.invoke()
2017-10-26 17:16:32.473  INFO 9148 --- [main] o.s.b.a.e.mvc.EndpointHandlerMapping     : Mapped "{[/health || /health.json],methods=[GET],produces=[application/vnd.spring-boot.actuator.v1+json || application/json]}" onto public java.lang.Object org.springframework.boot.actuate.endpoint.mvc.HealthMvcEndpoint.invoke(javax.servlet.http.HttpServletRequest,java.security.Principal)
2017-10-26 17:16:32.477  INFO 9148 --- [main] o.s.b.a.e.mvc.EndpointHandlerMapping     : Mapped "{[/logfile || /logfile.json],methods=[GET || HEAD]}" onto public void org.springframework.boot.actuate.endpoint.mvc.LogFileMvcEndpoint.invoke(javax.servlet.http.HttpServletRequest,javax.servlet.http.HttpServletResponse) throws javax.servlet.ServletException,java.io.IOException
2017-10-26 17:16:32.478  INFO 9148 --- [main] o.s.b.a.e.mvc.EndpointHandlerMapping     : Mapped "{[/beans || /beans.json],methods=[GET],produces=[application/vnd.spring-boot.actuator.v1+json || application/json]}" onto public java.lang.Object org.springframework.boot.actuate.endpoint.mvc.EndpointMvcAdapter.invoke()
2017-10-26 17:16:32.479  INFO 9148 --- [main] o.s.b.a.e.mvc.EndpointHandlerMapping     : Mapped "{[/trace || /trace.json],methods=[GET],produces=[application/vnd.spring-boot.actuator.v1+json || application/json]}" onto public java.lang.Object org.springframework.boot.actuate.endpoint.mvc.EndpointMvcAdapter.invoke()
2017-10-26 17:16:32.480  INFO 9148 --- [main] o.s.b.a.e.mvc.EndpointHandlerMapping     : Mapped "{[/autoconfig || /autoconfig.json],methods=[GET],produces=[application/vnd.spring-boot.actuator.v1+json || application/json]}" onto public java.lang.Object org.springframework.boot.actuate.endpoint.mvc.EndpointMvcAdapter.invoke()
2017-10-26 17:16:32.481  INFO 9148 --- [main] o.s.b.a.e.mvc.EndpointHandlerMapping     : Mapped "{[/mappings || /mappings.json],methods=[GET],produces=[application/vnd.spring-boot.actuator.v1+json || application/json]}" onto public java.lang.Object org.springframework.boot.actuate.endpoint.mvc.EndpointMvcAdapter.invoke()
2017-10-26 17:16:32.481  INFO 9148 --- [main] o.s.b.a.e.mvc.EndpointHandlerMapping     : Mapped "{[/configprops || /configprops.json],methods=[GET],produces=[application/vnd.spring-boot.actuator.v1+json || application/json]}" onto public java.lang.Object org.springframework.boot.actuate.endpoint.mvc.EndpointMvcAdapter.invoke()
2017-10-26 17:16:32.485  INFO 9148 --- [main] o.s.b.a.e.mvc.EndpointHandlerMapping     : Mapped "{[/loggers/{name:.*}],methods=[GET],produces=[application/vnd.spring-boot.actuator.v1+json || application/json]}" onto public java.lang.Object org.springframework.boot.actuate.endpoint.mvc.LoggersMvcEndpoint.get(java.lang.String)
2017-10-26 17:16:32.485  INFO 9148 --- [main] o.s.b.a.e.mvc.EndpointHandlerMapping     : Mapped "{[/loggers/{name:.*}],methods=[POST],consumes=[application/vnd.spring-boot.actuator.v1+json || application/json],produces=[application/vnd.spring-boot.actuator.v1+json || application/json]}" onto public java.lang.Object org.springframework.boot.actuate.endpoint.mvc.LoggersMvcEndpoint.set(java.lang.String,java.util.Map<java.lang.String, java.lang.String>)
2017-10-26 17:16:32.486  INFO 9148 --- [main] o.s.b.a.e.mvc.EndpointHandlerMapping     : Mapped "{[/loggers || /loggers.json],methods=[GET],produces=[application/vnd.spring-boot.actuator.v1+json || application/json]}" onto public java.lang.Object org.springframework.boot.actuate.endpoint.mvc.EndpointMvcAdapter.invoke()
2017-10-26 17:16:32.486  INFO 9148 --- [main] o.s.b.a.e.mvc.EndpointHandlerMapping     : Mapped "{[/auditevents || /auditevents.json],methods=[GET],produces=[application/vnd.spring-boot.actuator.v1+json || application/json]}" onto public org.springframework.http.ResponseEntity<?> org.springframework.boot.actuate.endpoint.mvc.AuditEventsMvcEndpoint.findByPrincipalAndAfterAndType(java.lang.String,java.util.Date,java.lang.String)
2017-10-26 17:16:32.487  INFO 9148 --- [main] o.s.b.a.e.mvc.EndpointHandlerMapping     : Mapped "{[/heapdump || /heapdump.json],methods=[GET],produces=[application/octet-stream]}" onto public void org.springframework.boot.actuate.endpoint.mvc.HeapdumpMvcEndpoint.invoke(boolean,javax.servlet.http.HttpServletRequest,javax.servlet.http.HttpServletResponse) throws java.io.IOException,javax.servlet.ServletException
2017-10-26 17:16:32.487  INFO 9148 --- [main] o.s.b.a.e.mvc.EndpointHandlerMapping     : Mapped "{[/dump || /dump.json],methods=[GET],produces=[application/vnd.spring-boot.actuator.v1+json || application/json]}" onto public java.lang.Object org.springframework.boot.actuate.endpoint.mvc.EndpointMvcAdapter.invoke()
2017-10-26 17:16:32.640  INFO 9148 --- [main] o.s.j.e.a.AnnotationMBeanExporter        : Registering beans for JMX exposure on startup
2017-10-26 17:16:32.654  INFO 9148 --- [main] o.s.c.support.DefaultLifecycleProcessor  : Starting beans in phase 0
2017-10-26 17:16:32.915  INFO 9148 --- [main] s.a.ScheduledAnnotationBeanPostProcessor : No TaskScheduler/ScheduledExecutorService bean found for scheduled processing
2017-10-26 17:16:32.968  INFO 9148 --- [main] s.b.c.e.t.TomcatEmbeddedServletContainer : Tomcat started on port(s): 80 (http)
2017-10-26 17:16:32.984  INFO 9148 --- [main] com.WeixinMpApplication                  : Started WeixinMpApplication in 6.031 seconds (JVM running for 6.449)
2017-10-26 17:16:33.575  INFO 9148 --- [pool-1-thread-1] com.adcc.utility.log.Log                 : 获取成功，accessToken:HkpTV8BWfN-zOoqUmYZMRiqpSfYE6ieJtr_3niHppZBtYMoRkPUy7NfyiPGSeXbj-webswm7SNne9X7ewerv8L_DR99ZQ0o7Lk3Dck_LhQz2ExlNi8SVhkwmDTWSYIWFMYJfAAATFQ
